This is pdfTeX, Version 3.14159265-2.6-1.40.17 (TeX Live 2016) (preloaded format=pdflatex 2017.5.19)  17 MAY 2018 03:44
entering extended mode
 restricted \write18 enabled.
 %&-line parsing enabled.
**report.tex
(./report.tex
LaTeX2e <2016/03/31>
Babel <3.9r> and hyphenation patterns for 83 language(s) loaded.
(/usr/local/texlive/2016/texmf-dist/tex/latex/base/article.cls
Document Class: article 2014/09/29 v1.4h Standard LaTeX document class
(/usr/local/texlive/2016/texmf-dist/tex/latex/base/size10.clo
File: size10.clo 2014/09/29 v1.4h Standard LaTeX file (size option)
)
\c@part=\count79
\c@section=\count80
\c@subsection=\count81
\c@subsubsection=\count82
\c@paragraph=\count83
\c@subparagraph=\count84
\c@figure=\count85
\c@table=\count86
\abovecaptionskip=\skip41
\belowcaptionskip=\skip42
\bibindent=\dimen102
) (./spconf.sty)
(/usr/local/texlive/2016/texmf-dist/tex/latex/amsmath/amsmath.sty
Package: amsmath 2016/03/10 v2.15b AMS math features
\@mathmargin=\skip43

For additional information on amsmath, use the `?' option.
(/usr/local/texlive/2016/texmf-dist/tex/latex/amsmath/amstext.sty
Package: amstext 2000/06/29 v2.01 AMS text

(/usr/local/texlive/2016/texmf-dist/tex/latex/amsmath/amsgen.sty
File: amsgen.sty 1999/11/30 v2.0 generic functions
\@emptytoks=\toks14
\ex@=\dimen103
))
(/usr/local/texlive/2016/texmf-dist/tex/latex/amsmath/amsbsy.sty
Package: amsbsy 1999/11/29 v1.2d Bold Symbols
\pmbraise@=\dimen104
)
(/usr/local/texlive/2016/texmf-dist/tex/latex/amsmath/amsopn.sty
Package: amsopn 2016/03/08 v2.02 operator names
)
\inf@bad=\count87
LaTeX Info: Redefining \frac on input line 199.
\uproot@=\count88
\leftroot@=\count89
LaTeX Info: Redefining \overline on input line 297.
\classnum@=\count90
\DOTSCASE@=\count91
LaTeX Info: Redefining \ldots on input line 394.
LaTeX Info: Redefining \dots on input line 397.
LaTeX Info: Redefining \cdots on input line 518.
\Mathstrutbox@=\box26
\strutbox@=\box27
\big@size=\dimen105
LaTeX Font Info:    Redeclaring font encoding OML on input line 634.
LaTeX Font Info:    Redeclaring font encoding OMS on input line 635.
\macc@depth=\count92
\c@MaxMatrixCols=\count93
\dotsspace@=\muskip10
\c@parentequation=\count94
\dspbrk@lvl=\count95
\tag@help=\toks15
\row@=\count96
\column@=\count97
\maxfields@=\count98
\andhelp@=\toks16
\eqnshift@=\dimen106
\alignsep@=\dimen107
\tagshift@=\dimen108
\tagwidth@=\dimen109
\totwidth@=\dimen110
\lineht@=\dimen111
\@envbody=\toks17
\multlinegap=\skip44
\multlinetaggap=\skip45
\mathdisplay@stack=\toks18
LaTeX Info: Redefining \[ on input line 2739.
LaTeX Info: Redefining \] on input line 2740.
)
(/usr/local/texlive/2016/texmf-dist/tex/latex/amsfonts/amssymb.sty
Package: amssymb 2013/01/14 v3.01 AMS font symbols

(/usr/local/texlive/2016/texmf-dist/tex/latex/amsfonts/amsfonts.sty
Package: amsfonts 2013/01/14 v3.01 Basic AMSFonts support
\symAMSa=\mathgroup4
\symAMSb=\mathgroup5
LaTeX Font Info:    Overwriting math alphabet `\mathfrak' in version `bold'
(Font)                  U/euf/m/n --> U/euf/b/n on input line 106.
))
(/usr/local/texlive/2016/texmf-dist/tex/latex/graphics/graphicx.sty
Package: graphicx 2014/10/28 v1.0g Enhanced LaTeX Graphics (DPC,SPQR)

(/usr/local/texlive/2016/texmf-dist/tex/latex/graphics/keyval.sty
Package: keyval 2014/10/28 v1.15 key=value parser (DPC)
\KV@toks@=\toks19
)
(/usr/local/texlive/2016/texmf-dist/tex/latex/graphics/graphics.sty
Package: graphics 2016/05/09 v1.0r Standard LaTeX Graphics (DPC,SPQR)

(/usr/local/texlive/2016/texmf-dist/tex/latex/graphics/trig.sty
Package: trig 2016/01/03 v1.10 sin cos tan (DPC)
)
(/usr/local/texlive/2016/texmf-dist/tex/latex/graphics-cfg/graphics.cfg
File: graphics.cfg 2016/01/02 v1.10 sample graphics configuration
)
Package graphics Info: Driver file: pdftex.def on input line 96.

(/usr/local/texlive/2016/texmf-dist/tex/latex/pdftex-def/pdftex.def
File: pdftex.def 2011/05/27 v0.06d Graphics/color for pdfTeX

(/usr/local/texlive/2016/texmf-dist/tex/generic/oberdiek/infwarerr.sty
Package: infwarerr 2016/05/16 v1.4 Providing info/warning/error messages (HO)
)
(/usr/local/texlive/2016/texmf-dist/tex/generic/oberdiek/ltxcmds.sty
Package: ltxcmds 2016/05/16 v1.23 LaTeX kernel commands for general use (HO)
)
\Gread@gobject=\count99
))
\Gin@req@height=\dimen112
\Gin@req@width=\dimen113
)
(/usr/local/texlive/2016/texmf-dist/tex/latex/tools/tabularx.sty
Package: tabularx 2016/02/03 v2.11 `tabularx' package (DPC)

(/usr/local/texlive/2016/texmf-dist/tex/latex/tools/array.sty
Package: array 2014/10/28 v2.4c Tabular extension package (FMi)
\col@sep=\dimen114
\extrarowheight=\dimen115
\NC@list=\toks20
\extratabsurround=\skip46
\backup@length=\skip47
)
\TX@col@width=\dimen116
\TX@old@table=\dimen117
\TX@old@col=\dimen118
\TX@target=\dimen119
\TX@delta=\dimen120
\TX@cols=\count100
\TX@ftn=\toks21
)
(/usr/local/texlive/2016/texmf-dist/tex/latex/adjustbox/adjustbox.sty
Package: adjustbox 2012/05/21 v1.0 Adjusting TeX boxes (trim, clip, ...)

(/usr/local/texlive/2016/texmf-dist/tex/latex/xkeyval/xkeyval.sty
Package: xkeyval 2014/12/03 v2.7a package option processing (HA)

(/usr/local/texlive/2016/texmf-dist/tex/generic/xkeyval/xkeyval.tex
(/usr/local/texlive/2016/texmf-dist/tex/generic/xkeyval/xkvutils.tex
\XKV@toks=\toks22
\XKV@tempa@toks=\toks23
)
\XKV@depth=\count101
File: xkeyval.tex 2014/12/03 v2.7a key=value parser (HA)
))
(/usr/local/texlive/2016/texmf-dist/tex/latex/adjustbox/adjcalc.sty
Package: adjcalc 2012/05/16 v1.1 Provides advanced setlength with multiple back
-ends (calc, etex, pgfmath)
)
(/usr/local/texlive/2016/texmf-dist/tex/latex/adjustbox/trimclip.sty
Package: trimclip 2012/05/16 v1.0 Trim and clip general TeX material

(/usr/local/texlive/2016/texmf-dist/tex/latex/collectbox/collectbox.sty
Package: collectbox 2012/05/17 v0.4b Collect macro arguments as boxes
\collectedbox=\box28
)
\tc@llx=\dimen121
\tc@lly=\dimen122
\tc@urx=\dimen123
\tc@ury=\dimen124
Package trimclip Info: Using driver 'tc-pdftex.def'.

(/usr/local/texlive/2016/texmf-dist/tex/latex/adjustbox/tc-pdftex.def
File: tc-pdftex.def 2012/05/13 v1.0 Clipping driver for pdftex
))
\adjbox@Width=\dimen125
\adjbox@Height=\dimen126
\adjbox@Depth=\dimen127
\adjbox@Totalheight=\dimen128

(/usr/local/texlive/2016/texmf-dist/tex/latex/ifoddpage/ifoddpage.sty
Package: ifoddpage 2016/04/23 v1.1 Conditionals for odd/even page detection
\c@checkoddpage=\count102
)
(/usr/local/texlive/2016/texmf-dist/tex/latex/varwidth/varwidth.sty
Package: varwidth 2009/03/30 ver 0.92;  Variable-width minipages
\@vwid@box=\box29
\sift@deathcycles=\count103
\@vwid@loff=\dimen129
\@vwid@roff=\dimen130
))
(/usr/local/texlive/2016/texmf-dist/tex/latex/float/float.sty
Package: float 2001/11/08 v1.3d Float enhancements (AL)
\c@float@type=\count104
\float@exts=\toks24
\float@box=\box30
\@float@everytoks=\toks25
\@floatcapt=\box31
)
(/usr/local/texlive/2016/texmf-dist/tex/latex/algorithms/algorithm.sty
Package: algorithm 2009/08/24 v0.1 Document Style `algorithm' - floating enviro
nment

(/usr/local/texlive/2016/texmf-dist/tex/latex/base/ifthen.sty
Package: ifthen 2014/09/29 v1.1c Standard LaTeX ifthen package (DPC)
)
\@float@every@algorithm=\toks26
\c@algorithm=\count105
)
(/usr/local/texlive/2016/texmf-dist/tex/latex/algorithmicx/algpseudocode.sty
Package: algpseudocode 

(/usr/local/texlive/2016/texmf-dist/tex/latex/algorithmicx/algorithmicx.sty
Package: algorithmicx 2005/04/27 v1.2 Algorithmicx

Document Style algorithmicx 1.2 - a greatly improved `algorithmic' style
\c@ALG@line=\count106
\c@ALG@rem=\count107
\c@ALG@nested=\count108
\ALG@tlm=\skip48
\ALG@thistlm=\skip49
\c@ALG@Lnr=\count109
\c@ALG@blocknr=\count110
\c@ALG@storecount=\count111
\c@ALG@tmpcounter=\count112
\ALG@tmplength=\skip50
)
Document Style - pseudocode environments for use with the `algorithmicx' style
) (/usr/local/texlive/2016/texmf-dist/tex/latex/caption/subcaption.sty
Package: subcaption 2016/02/20 v1.1-142 Sub-captions (AR)

(/usr/local/texlive/2016/texmf-dist/tex/latex/caption/caption.sty
Package: caption 2016/02/21 v3.3-144 Customizing captions (AR)

(/usr/local/texlive/2016/texmf-dist/tex/latex/caption/caption3.sty
Package: caption3 2016/02/04 v1.7-139 caption3 kernel (AR)
Package caption3 Info: TeX engine: e-TeX on input line 67.
\captionmargin=\dimen131
\captionmargin@=\dimen132
\captionwidth=\dimen133
\caption@tempdima=\dimen134
\caption@indent=\dimen135
\caption@parindent=\dimen136
\caption@hangindent=\dimen137
Package caption Info: Unknown document class (or package),
(caption)             standard defaults will be used.
)

Package caption Warning: Unsupported document class (or package) detected,
(caption)                usage of the caption package is not recommended.
See the caption package documentation for explanation.

Package caption Info: \@makecaption = \long macro:#1#2-> \vskip 10pt \setbox \@
tempboxa \hbox {#1. #2} \ifdim \wd \@tempboxa >\hsize #1. #2\par \else \hbox to
\hsize {\hfil \box \@tempboxa \hfil } \fi .
\c@ContinuedFloat=\count113
Package caption Info: float package is loaded.
)
\c@subfigure=\count114
\c@subtable=\count115
) (./report.aux)
\openout1 = `report.aux'.

LaTeX Font Info:    Checking defaults for OML/cmm/m/it on input line 66.
LaTeX Font Info:    ... okay on input line 66.
LaTeX Font Info:    Checking defaults for T1/cmr/m/n on input line 66.
LaTeX Font Info:    ... okay on input line 66.
LaTeX Font Info:    Checking defaults for OT1/cmr/m/n on input line 66.
LaTeX Font Info:    ... okay on input line 66.
LaTeX Font Info:    Checking defaults for OMS/cmsy/m/n on input line 66.
LaTeX Font Info:    ... okay on input line 66.
LaTeX Font Info:    Checking defaults for OMX/cmex/m/n on input line 66.
LaTeX Font Info:    ... okay on input line 66.
LaTeX Font Info:    Checking defaults for U/cmr/m/n on input line 66.
LaTeX Font Info:    ... okay on input line 66.
LaTeX Font Info:    Try loading font information for OT1+ptm on input line 66.

(/usr/local/texlive/2016/texmf-dist/tex/latex/psnfss/ot1ptm.fd
File: ot1ptm.fd 2001/06/04 font definitions for OT1/ptm.
)
(/usr/local/texlive/2016/texmf-dist/tex/context/base/mkii/supp-pdf.mkii
[Loading MPS to PDF converter (version 2006.09.02).]
\scratchcounter=\count116
\scratchdimen=\dimen138
\scratchbox=\box32
\nofMPsegments=\count117
\nofMParguments=\count118
\everyMPshowfont=\toks27
\MPscratchCnt=\count119
\MPscratchDim=\dimen139
\MPnumerator=\count120
\makeMPintoPDFobject=\count121
\everyMPtoPDFconversion=\toks28
) (/usr/local/texlive/2016/texmf-dist/tex/generic/oberdiek/pdftexcmds.sty
Package: pdftexcmds 2016/05/10 v0.21 Utility functions of pdfTeX for LuaTeX (HO
)

(/usr/local/texlive/2016/texmf-dist/tex/generic/oberdiek/ifluatex.sty
Package: ifluatex 2016/05/16 v1.4 Provides the ifluatex switch (HO)
Package ifluatex Info: LuaTeX not detected.
)
(/usr/local/texlive/2016/texmf-dist/tex/generic/oberdiek/ifpdf.sty
Package: ifpdf 2016/05/14 v3.1 Provides the ifpdf switch
)
Package pdftexcmds Info: LuaTeX not detected.
Package pdftexcmds Info: \pdf@primitive is available.
Package pdftexcmds Info: \pdf@ifprimitive is available.
Package pdftexcmds Info: \pdfdraftmode found.
)
(/usr/local/texlive/2016/texmf-dist/tex/latex/oberdiek/epstopdf-base.sty
Package: epstopdf-base 2016/05/15 v2.6 Base part for package epstopdf

(/usr/local/texlive/2016/texmf-dist/tex/latex/oberdiek/grfext.sty
Package: grfext 2016/05/16 v1.2 Manage graphics extensions (HO)

(/usr/local/texlive/2016/texmf-dist/tex/generic/oberdiek/kvdefinekeys.sty
Package: kvdefinekeys 2016/05/16 v1.4 Define keys (HO)
))
(/usr/local/texlive/2016/texmf-dist/tex/latex/oberdiek/kvoptions.sty
Package: kvoptions 2016/05/16 v3.12 Key value format for package options (HO)

(/usr/local/texlive/2016/texmf-dist/tex/generic/oberdiek/kvsetkeys.sty
Package: kvsetkeys 2016/05/16 v1.17 Key value parser (HO)

(/usr/local/texlive/2016/texmf-dist/tex/generic/oberdiek/etexcmds.sty
Package: etexcmds 2016/05/16 v1.6 Avoid name clashes with e-TeX commands (HO)
Package etexcmds Info: Could not find \expanded.
(etexcmds)             That can mean that you are not using pdfTeX 1.50 or
(etexcmds)             that some package has redefined \expanded.
(etexcmds)             In the latter case, load this package earlier.
)))
Package grfext Info: Graphics extension search list:
(grfext)             [.png,.pdf,.jpg,.mps,.jpeg,.jbig2,.jb2,.PNG,.PDF,.JPG,.JPE
G,.JBIG2,.JB2,.eps]
(grfext)             \AppendGraphicsExtensions on input line 456.

(/usr/local/texlive/2016/texmf-dist/tex/latex/latexconfig/epstopdf-sys.cfg
File: epstopdf-sys.cfg 2010/07/13 v1.3 Configuration of (r)epstopdf for TeX Liv
e
))
Package caption Info: Begin \AtBeginDocument code.
Package caption Info: End \AtBeginDocument code.
LaTeX Font Info:    Font shape `OT1/ptm/bx/n' in size <12> not available
(Font)              Font shape `OT1/ptm/b/n' tried instead on input line 69.
LaTeX Font Info:    Try loading font information for U+msa on input line 69.

(/usr/local/texlive/2016/texmf-dist/tex/latex/amsfonts/umsa.fd
File: umsa.fd 2013/01/14 v3.01 AMS symbols A
)
LaTeX Font Info:    Try loading font information for U+msb on input line 69.

(/usr/local/texlive/2016/texmf-dist/tex/latex/amsfonts/umsb.fd
File: umsb.fd 2013/01/14 v3.01 AMS symbols B
)
LaTeX Font Info:    Try loading font information for OMS+ptm on input line 69.

(/usr/local/texlive/2016/texmf-dist/tex/latex/psnfss/omsptm.fd
File: omsptm.fd 
)
LaTeX Font Info:    Font shape `OMS/ptm/m/n' in size <12> not available
(Font)              Font shape `OMS/cmsy/m/n' tried instead on input line 69.
LaTeX Font Info:    Font shape `OT1/ptm/bx/n' in size <10> not available
(Font)              Font shape `OT1/ptm/b/n' tried instead on input line 72.

Overfull \hbox (1.10703pt too wide) in paragraph at lines 83--84
 \OT1/ptm/b/n/10 In-creas-ing im-por-tance of cities to-gether with an in-creas
e
 []


Overfull \hbox (0.96695pt too wide) in paragraph at lines 98--102
[]\OT1/ptm/m/n/10 Our ex-per-i-ment tries to ex-ploit data that is pub-licly av
ail-
 []


Underfull \vbox (badness 2600) has occurred while \output is active []

 [1{/usr/local/texlive/2016/texmf-var/fonts/map/pdftex/updmap/pdftex.map}



]
Overfull \hbox (2.53706pt too wide) in paragraph at lines 124--151
\OT1/ptm/m/n/10 eras, telecom-mu-ni-ca-tion net-works and build-ing man-age-men
t
 []


Overfull \hbox (1.47665pt too wide) in paragraph at lines 153--171
\OT1/ptm/m/n/10 records for pub-lic street il-lu-mi-na-tion, pedes-trian zones,
 sigh-
 []


Overfull \hbox (5.97693pt too wide) in paragraph at lines 153--171
\OT1/ptm/m/n/10 ing points, zones where driv-ing is pro-hib-ited as well as res
tau-
 []


Underfull \vbox (badness 7291) has occurred while \output is active []

 [2]
Overfull \hbox (2.12715pt too wide) in paragraph at lines 199--208
\OT1/ptm/m/n/10 space range we en-coun-tered a few is-sues. De-tec-tion of gras
s-
 []

<images/greenery/forests.png, id=13, 642.4pt x 642.4pt>
File: images/greenery/forests.png Graphic file (type png)

<use images/greenery/forests.png>
Package pdftex.def Info: images/greenery/forests.png used on input line 213.
(pdftex.def)             Requested size: 114.03761pt x 114.02925pt.

<images/greenery/green_areas.png, id=14, 642.4pt x 642.4pt>
File: images/greenery/green_areas.png Graphic file (type png)

<use images/greenery/green_areas.png>
Package pdftex.def Info: images/greenery/green_areas.png used on input line 218
.
(pdftex.def)             Requested size: 114.03761pt x 114.02925pt.

<images/greenery/Zurich.png, id=15, 642.4pt x 642.4pt>
File: images/greenery/Zurich.png Graphic file (type png)

<use images/greenery/Zurich.png>
Package pdftex.def Info: images/greenery/Zurich.png used on input line 224.
(pdftex.def)             Requested size: 114.03761pt x 114.02925pt.

<images/greenery/Zurich_greenery.png, id=17, 642.4pt x 642.4pt>
File: images/greenery/Zurich_greenery.png Graphic file (type png)

<use images/greenery/Zurich_greenery.png>
Package pdftex.def Info: images/greenery/Zurich_greenery.png used on input line
 229.
(pdftex.def)             Requested size: 114.03761pt x 114.02925pt.

Underfull \hbox (badness 10000) in paragraph at lines 237--239

 []

[3 <./images/greenery/forests.png (PNG copy)> <./images/greenery/green_areas.pn
g (PNG copy)> <./images/greenery/Zurich.png> <./images/greenery/Zurich_greenery
.png>]
<images/greenery/combined_heatmap_smoothed_4_to_1.png, id=24, 642.4pt x 642.4pt
>
File: images/greenery/combined_heatmap_smoothed_4_to_1.png Graphic file (type p
ng)
 <use images/greenery/combined_heatmap_smoothed_4_to_1.png>
Package pdftex.def Info: images/greenery/combined_heatmap_smoothed_4_to_1.png u
sed on input line 340.
(pdftex.def)             Requested size: 106.91049pt x 106.90303pt.

<images/results/illumination_heatmap_70.png, id=25, 642.4pt x 642.4pt>
File: images/results/illumination_heatmap_70.png Graphic file (type png)

<use images/results/illumination_heatmap_70.png>
Package pdftex.def Info: images/results/illumination_heatmap_70.png used on inp
ut line 345.
(pdftex.def)             Requested size: 106.91049pt x 106.90303pt.

<images/results/pedestrian_zone_heatmap_70.png, id=26, 642.4pt x 642.4pt>
File: images/results/pedestrian_zone_heatmap_70.png Graphic file (type png)

<use images/results/pedestrian_zone_heatmap_70.png>
Package pdftex.def Info: images/results/pedestrian_zone_heatmap_70.png used on 
input line 350.
(pdftex.def)             Requested size: 106.91049pt x 106.90303pt.

<images/results/sighting_point_heatmap_500.png, id=27, 642.4pt x 642.4pt>
File: images/results/sighting_point_heatmap_500.png Graphic file (type png)

<use images/results/sighting_point_heatmap_500.png>
Package pdftex.def Info: images/results/sighting_point_heatmap_500.png used on 
input line 355.
(pdftex.def)             Requested size: 106.91049pt x 106.90303pt.

<images/results/driving_prohibited_heatmap_70.png, id=28, 642.4pt x 642.4pt>
File: images/results/driving_prohibited_heatmap_70.png Graphic file (type png)

<use images/results/driving_prohibited_heatmap_70.png>
Package pdftex.def Info: images/results/driving_prohibited_heatmap_70.png used 
on input line 360.
(pdftex.def)             Requested size: 106.91049pt x 106.90303pt.

Underfull \vbox (badness 10000) has occurred while \output is active []

 [4]
<images/combined_heatmap.png, id=36, 642.4pt x 642.4pt>
File: images/combined_heatmap.png Graphic file (type png)

<use images/combined_heatmap.png>
Package pdftex.def Info: images/combined_heatmap.png used on input line 413.
(pdftex.def)             Requested size: 213.821pt x 213.81587pt.

Underfull \vbox (badness 10000) has occurred while \output is active []

 [5 <./images/greenery/combined_heatmap_smoothed_4_to_1.png (PNG copy)> <./imag
es/results/illumination_heatmap_70.png (PNG copy)> <./images/results/pedestrian
_zone_heatmap_70.png (PNG copy)> <./images/results/sighting_point_heatmap_500.p
ng (PNG copy)> <./images/results/driving_prohibited_heatmap_70.png (PNG copy)>]

<images/combined.png, id=40, 642.4pt x 642.4pt>
File: images/combined.png Graphic file (type png)
 <use images/combined.png>
Package pdftex.def Info: images/combined.png used on input line 420.
(pdftex.def)             Requested size: 213.821pt x 213.81587pt.

<images/good/combined_labeled.png, id=41, 594.22pt x 594.22pt>
File: images/good/combined_labeled.png Graphic file (type png)

<use images/good/combined_labeled.png>
Package pdftex.def Info: images/good/combined_labeled.png used on input line 43
5.
(pdftex.def)             Requested size: 213.821pt x 213.81929pt.

<images/good/hoengg.png, id=42, 1109.14375pt x 763.85374pt>
File: images/good/hoengg.png Graphic file (type png)

<use images/good/hoengg.png>
Package pdftex.def Info: images/good/hoengg.png used on input line 444.
(pdftex.def)             Requested size: 106.91049pt x 73.6275pt.

<images/good/buchegg.png, id=43, 1030.85126pt x 686.565pt>
File: images/good/buchegg.png Graphic file (type png)

<use images/good/buchegg.png>
Package pdftex.def Info: images/good/buchegg.png used on input line 449.
(pdftex.def)             Requested size: 106.91049pt x 71.19574pt.

<images/good/seebach.png, id=44, 1023.825pt x 686.565pt>
File: images/good/seebach.png Graphic file (type png)

<use images/good/seebach.png>
Package pdftex.def Info: images/good/seebach.png used on input line 454.
(pdftex.def)             Requested size: 106.91049pt x 71.68811pt.

<images/good/hirslanden.png, id=45, 1048.91875pt x 686.565pt>
File: images/good/hirslanden.png Graphic file (type png)

<use images/good/hirslanden.png>
Package pdftex.def Info: images/good/hirslanden.png used on input line 459.
(pdftex.def)             Requested size: 106.91049pt x 69.97003pt.

<images/good/central.png, id=46, 1048.91875pt x 688.5725pt>
File: images/good/central.png Graphic file (type png)

<use images/good/central.png>
Package pdftex.def Info: images/good/central.png used on input line 464.
(pdftex.def)             Requested size: 106.91049pt x 70.17462pt.

<images/good/bellevue.png, id=47, 1046.91125pt x 687.56876pt>
File: images/good/bellevue.png Graphic file (type png)

<use images/good/bellevue.png>
Package pdftex.def Info: images/good/bellevue.png used on input line 469.
(pdftex.def)             Requested size: 106.91049pt x 70.20871pt.
 [6 <./images/combined_heatmap.png (PNG copy)> <./images/combined.png (PNG copy
)> <./images/good/combined_labeled.png> <./images/good/hoengg.png> <./images/go
od/buchegg.png> <./images/good/seebach.png> <./images/good/hirslanden.png> <./i
mages/good/central.png> <./images/good/bellevue.png>] <images/bad/combined_labe
led.png, id=58, 595.22375pt x 595.22375pt>
File: images/bad/combined_labeled.png Graphic file (type png)

<use images/bad/combined_labeled.png>
Package pdftex.def Info: images/bad/combined_labeled.png used on input line 484
.
(pdftex.def)             Requested size: 213.821pt x 213.81718pt.

<images/bad/Escher_Wyss.png, id=59, 894.34125pt x 686.565pt>
File: images/bad/Escher_Wyss.png Graphic file (type png)

<use images/bad/Escher_Wyss.png>
Package pdftex.def Info: images/bad/Escher_Wyss.png used on input line 493.
(pdftex.def)             Requested size: 106.91049pt x 82.06996pt.

<images/bad/Unterstrass.png, id=60, 888.31876pt x 688.5725pt>
File: images/bad/Unterstrass.png Graphic file (type png)

<use images/bad/Unterstrass.png>
Package pdftex.def Info: images/bad/Unterstrass.png used on input line 498.
(pdftex.def)             Requested size: 106.91049pt x 82.86678pt.

<images/bad/Werd.png, id=61, 895.345pt x 687.56876pt>
File: images/bad/Werd.png Graphic file (type png)

<use images/bad/Werd.png>
Package pdftex.def Info: images/bad/Werd.png used on input line 503.
(pdftex.def)             Requested size: 106.91049pt x 82.09552pt.

<images/bad/Hegibachplatz.png, id=62, 892.33376pt x 688.5725pt>
File: images/bad/Hegibachplatz.png Graphic file (type png)

<use images/bad/Hegibachplatz.png>
Package pdftex.def Info: images/bad/Hegibachplatz.png used on input line 508.
(pdftex.def)             Requested size: 106.91049pt x 82.48854pt.

Underfull \hbox (badness 10000) in paragraph at lines 516--519

 []


Underfull \hbox (badness 10000) in paragraph at lines 520--526

 []


Underfull \hbox (badness 10000) in paragraph at lines 530--545

 []

[7 <./images/bad/combined_labeled.png> <./images/bad/Escher_Wyss.png> <./images
/bad/Unterstrass.png> <./images/bad/Werd.png> <./images/bad/Hegibachplatz.png>]

Overfull \hbox (0.46693pt too wide) in paragraph at lines 553--557
\OT1/ptm/m/n/10 This pa-per sug-gests pos-si-ble us-age of pub-licly avail-able
 data
 []

(./report.bbl
Underfull \hbox (badness 2012) in paragraph at lines 4--8
[]\OT1/ptm/m/n/10 ``Mercer 2018 Qual-ity of Liv-ing Rank-ings,'' on-
 []


Overfull \hbox (20.82614pt too wide) in paragraph at lines 4--8
\OT1/ptm/m/n/10 line: https://mobilityexchange.mercer.com/Insights/quality-
 []


Underfull \hbox (badness 1769) in paragraph at lines 18--22
\OT1/ptm/m/n/10 ``Cur-rent trends in Smart City ini-tia-tives: Some
 []


Underfull \hbox (badness 4995) in paragraph at lines 53--57
[]\OT1/ptm/m/n/10 ``China's ever-expanding sur-vail-lance state,'' on-
 []


Underfull \hbox (badness 10000) in paragraph at lines 53--57
\OT1/ptm/m/n/10 line: https://thediplomat.com/2018/04/chinas-ever-
 []


Underfull \hbox (badness 5504) in paragraph at lines 53--57
\OT1/ptm/m/n/10 expanding-surveillance-state/, 2018,  Ac-cessed:
 []


Underfull \hbox (badness 1242) in paragraph at lines 59--63
\OT1/ptm/m/n/10 cit-i-zens,'' on-line: https://www.cnet.com/news/china-
 []


Underfull \hbox (badness 10000) in paragraph at lines 59--63
\OT1/ptm/m/n/10 turns-to-tech-to-monitor-shame-and-rate-citizens/,
 []


Underfull \hbox (badness 1917) in paragraph at lines 65--68
\OT1/ptm/m/n/10 cert,'' on-line: http://www.bbc.com/news/world-asia-
 []


Underfull \hbox (badness 10000) in paragraph at lines 70--72
[]\OT1/ptm/m/n/10 ``Zurich open data,'' on-line: https://data.stadt-
 []


Underfull \hbox (badness 5203) in paragraph at lines 74--77
\OT1/ptm/m/n/10 Zurich,'' on-line: http://maps.zh.ch/,  Ac-cessed:
 []

) [8]
LaTeX Font Info:    Font shape `OMS/ptm/m/n' in size <10> not available
(Font)              Font shape `OMS/cmsy/m/n' tried instead on input line 572.
 <images/SmartAgora/img_6.jpg, id=75, 3276.24pt x 2457.18pt>
File: images/SmartAgora/img_6.jpg Graphic file (type jpg)

<use images/SmartAgora/img_6.jpg>
Package pdftex.def Info: images/SmartAgora/img_6.jpg used on input line 622.
(pdftex.def)             Requested size: 237.5805pt x 178.1691pt.

<images/greenery/Zentrum_greenery.png, id=76, 1710.39pt x 1756.5625pt>
File: images/greenery/Zentrum_greenery.png Graphic file (type png)

<use images/greenery/Zentrum_greenery.png>
Package pdftex.def Info: images/greenery/Zentrum_greenery.png used on input lin
e 629.
(pdftex.def)             Requested size: 237.5805pt x 243.98726pt.

<images/greenery/Zentrum_path.png, id=77, 855.195pt x 878.28125pt>
File: images/greenery/Zentrum_path.png Graphic file (type png)

<use images/greenery/Zentrum_path.png>
Package pdftex.def Info: images/greenery/Zentrum_path.png used on input line 63
6.
(pdftex.def)             Requested size: 237.5805pt x 243.98726pt.
 [9 <./images/SmartAgora/img_6.jpg>]
[10

 <./images/greenery/Zentrum_greenery.png> <./images/greenery/Zentrum_path.png>]
 (./report.aux) ) 
Here is how much of TeX's memory you used:
 5227 strings out of 493014
 79782 string characters out of 6133351
 154656 words of memory out of 5000000
 8618 multiletter control sequences out of 15000+600000
 29401 words of font info for 66 fonts, out of 8000000 for 9000
 1141 hyphenation exceptions out of 8191
 59i,20n,94p,722b,533s stack positions out of 5000i,500n,10000p,200000b,80000s
{/usr/local/texlive/2016/texmf-dist/fonts/enc/dvips/base/8r.en
c}</usr/local/texlive/2016/texmf-dist/fonts/type1/public/amsfonts/cm/cmex10.pfb
></usr/local/texlive/2016/texmf-dist/fonts/type1/public/amsfonts/cm/cmmi10.pfb>
</usr/local/texlive/2016/texmf-dist/fonts/type1/public/amsfonts/cm/cmmi7.pfb></
usr/local/texlive/2016/texmf-dist/fonts/type1/public/amsfonts/cm/cmmi8.pfb></us
r/local/texlive/2016/texmf-dist/fonts/type1/public/amsfonts/cm/cmr10.pfb></usr/
local/texlive/2016/texmf-dist/fonts/type1/public/amsfonts/cm/cmsy10.pfb></usr/l
ocal/texlive/2016/texmf-dist/fonts/type1/urw/times/utmb8a.pfb></usr/local/texli
ve/2016/texmf-dist/fonts/type1/urw/times/utmr8a.pfb></usr/local/texlive/2016/te
xmf-dist/fonts/type1/urw/times/utmri8a.pfb>
Output written on report.pdf (10 pages, 34272196 bytes).
PDF statistics:
 117 PDF objects out of 1000 (max. 8388607)
 53 compressed objects within 1 object stream
 0 named destinations out of 1000 (max. 500000)
 131 words of extra memory for PDF output out of 10000 (max. 10000000)

